<?xml version="1.0" encoding="UTF-8"?>
<robot generator="Robot 3.1.2 (Python 3.7.4 on win32)" generated="20200205 10:49:42.238" rpa="false">
<suite id="s1" name="Try" source="C:\Users\User\PROGRAMMING\Robot\SampleTestSuites\try.robot">
<test id="s1-t1" name="Template and For Loops for Google">
<kw name="Open Browser" library="SeleniumLibrary" type="setup">
<doc>Opens a new browser instance to the given ``url``.</doc>
<arguments>
<arg>http://www.google.com</arg>
<arg>Chrome</arg>
</arguments>
<msg timestamp="20200205 10:49:42.379" level="INFO">Opening browser 'Chrome' to base url 'http://www.google.com'.</msg>
<status status="PASS" starttime="20200205 10:49:42.378" endtime="20200205 10:49:45.960"></status>
</kw>
<kw name="${item} IN [ @{googlesearch} ]" type="for">
<kw name="${item} = Robot Framework" type="foritem">
<kw name="Passes the ${item} string as argument.">
<kw name="Page Should Contain Element" library="SeleniumLibrary">
<doc>Verifies that element ``locator`` is found on the current page.</doc>
<arguments>
<arg>${googlebar}</arg>
</arguments>
<msg timestamp="20200205 10:49:45.970" level="INFO">Current page contains element 'css= .gLFyf'.</msg>
<status status="PASS" starttime="20200205 10:49:45.961" endtime="20200205 10:49:45.970"></status>
</kw>
<kw name="Input Text" library="SeleniumLibrary">
<doc>Types the given ``text`` into text field identified by ``locator``.</doc>
<arguments>
<arg>${googlebar}</arg>
<arg>${search}</arg>
</arguments>
<msg timestamp="20200205 10:49:45.971" level="INFO">Typing text 'Robot Framework' into text field 'css= .gLFyf'.</msg>
<status status="PASS" starttime="20200205 10:49:45.970" endtime="20200205 10:49:46.067"></status>
</kw>
<kw name="Press Keys" library="SeleniumLibrary">
<doc>Simulates user pressing key(s) to an element or on the active browser.</doc>
<arguments>
<arg>none</arg>
<arg>RETURN</arg>
</arguments>
<msg timestamp="20200205 10:49:46.068" level="INFO">Sending key(s) ('RETURN',) to page.</msg>
<msg timestamp="20200205 10:49:46.068" level="INFO">Pressing special key RETURN to browser.</msg>
<status status="PASS" starttime="20200205 10:49:46.067" endtime="20200205 10:49:47.361"></status>
</kw>
<status status="PASS" starttime="20200205 10:49:45.960" endtime="20200205 10:49:47.361"></status>
</kw>
<status status="PASS" starttime="20200205 10:49:45.960" endtime="20200205 10:49:47.361"></status>
</kw>
<kw name="${item} = Selenium Library" type="foritem">
<kw name="Passes the ${item} string as argument.">
<kw name="Page Should Contain Element" library="SeleniumLibrary">
<doc>Verifies that element ``locator`` is found on the current page.</doc>
<arguments>
<arg>${googlebar}</arg>
</arguments>
<msg timestamp="20200205 10:49:47.368" level="INFO">Current page contains element 'css= .gLFyf'.</msg>
<status status="PASS" starttime="20200205 10:49:47.362" endtime="20200205 10:49:47.368"></status>
</kw>
<kw name="Input Text" library="SeleniumLibrary">
<doc>Types the given ``text`` into text field identified by ``locator``.</doc>
<arguments>
<arg>${googlebar}</arg>
<arg>${search}</arg>
</arguments>
<msg timestamp="20200205 10:49:47.369" level="INFO">Typing text 'Selenium Library' into text field 'css= .gLFyf'.</msg>
<status status="PASS" starttime="20200205 10:49:47.369" endtime="20200205 10:49:47.490"></status>
</kw>
<kw name="Press Keys" library="SeleniumLibrary">
<doc>Simulates user pressing key(s) to an element or on the active browser.</doc>
<arguments>
<arg>none</arg>
<arg>RETURN</arg>
</arguments>
<msg timestamp="20200205 10:49:47.491" level="INFO">Sending key(s) ('RETURN',) to page.</msg>
<msg timestamp="20200205 10:49:47.491" level="INFO">Pressing special key RETURN to browser.</msg>
<status status="PASS" starttime="20200205 10:49:47.490" endtime="20200205 10:49:48.798"></status>
</kw>
<status status="PASS" starttime="20200205 10:49:47.361" endtime="20200205 10:49:48.798"></status>
</kw>
<status status="PASS" starttime="20200205 10:49:47.361" endtime="20200205 10:49:48.798"></status>
</kw>
<status status="PASS" starttime="20200205 10:49:45.960" endtime="20200205 10:49:48.798"></status>
</kw>
<kw name="Close Browser" library="SeleniumLibrary" type="teardown">
<doc>Closes the current browser.</doc>
<status status="PASS" starttime="20200205 10:49:48.798" endtime="20200205 10:49:50.930"></status>
</kw>
<timeout value="30 seconds"></timeout>
<status status="PASS" starttime="20200205 10:49:42.377" endtime="20200205 10:49:50.930" critical="yes"></status>
</test>
<test id="s1-t2" name="Template and For Loops for the Definition of words">
<kw name="Open Browser" library="SeleniumLibrary" type="setup">
<doc>Opens a new browser instance to the given ``url``.</doc>
<arguments>
<arg>http://www.google.com</arg>
<arg>Chrome</arg>
</arguments>
<msg timestamp="20200205 10:49:50.931" level="INFO">Opening browser 'Chrome' to base url 'http://www.google.com'.</msg>
<status status="PASS" starttime="20200205 10:49:50.931" endtime="20200205 10:49:54.399"></status>
</kw>
<kw name="${item} IN [ @{definitionsearch} ]" type="for">
<kw name="${item} = Framework definition" type="foritem">
<kw name="Passes the ${item} to be searched with definition">
<kw name="Page Should Contain Element" library="SeleniumLibrary">
<doc>Verifies that element ``locator`` is found on the current page.</doc>
<arguments>
<arg>${googlebar}</arg>
</arguments>
<msg timestamp="20200205 10:49:54.409" level="INFO">Current page contains element 'css= .gLFyf'.</msg>
<status status="PASS" starttime="20200205 10:49:54.400" endtime="20200205 10:49:54.409"></status>
</kw>
<kw name="Input Text" library="SeleniumLibrary">
<doc>Types the given ``text`` into text field identified by ``locator``.</doc>
<arguments>
<arg>${googlebar}</arg>
<arg>${word}</arg>
</arguments>
<msg timestamp="20200205 10:49:54.410" level="INFO">Typing text 'Framework definition' into text field 'css= .gLFyf'.</msg>
<status status="PASS" starttime="20200205 10:49:54.409" endtime="20200205 10:49:54.513"></status>
</kw>
<kw name="Press Keys" library="SeleniumLibrary">
<doc>Simulates user pressing key(s) to an element or on the active browser.</doc>
<arguments>
<arg>none</arg>
<arg>RETURN</arg>
</arguments>
<msg timestamp="20200205 10:49:54.513" level="INFO">Sending key(s) ('RETURN',) to page.</msg>
<msg timestamp="20200205 10:49:54.513" level="INFO">Pressing special key RETURN to browser.</msg>
<status status="PASS" starttime="20200205 10:49:54.513" endtime="20200205 10:49:56.372"></status>
</kw>
<status status="PASS" starttime="20200205 10:49:54.400" endtime="20200205 10:49:56.373"></status>
</kw>
<status status="PASS" starttime="20200205 10:49:54.399" endtime="20200205 10:49:56.373"></status>
</kw>
<kw name="${item} = Library definition" type="foritem">
<kw name="Passes the ${item} to be searched with definition">
<kw name="Page Should Contain Element" library="SeleniumLibrary">
<doc>Verifies that element ``locator`` is found on the current page.</doc>
<arguments>
<arg>${googlebar}</arg>
</arguments>
<msg timestamp="20200205 10:49:56.379" level="INFO">Current page contains element 'css= .gLFyf'.</msg>
<status status="PASS" starttime="20200205 10:49:56.373" endtime="20200205 10:49:56.379"></status>
</kw>
<kw name="Input Text" library="SeleniumLibrary">
<doc>Types the given ``text`` into text field identified by ``locator``.</doc>
<arguments>
<arg>${googlebar}</arg>
<arg>${word}</arg>
</arguments>
<msg timestamp="20200205 10:49:56.379" level="INFO">Typing text 'Library definition' into text field 'css= .gLFyf'.</msg>
<status status="PASS" starttime="20200205 10:49:56.379" endtime="20200205 10:49:56.502"></status>
</kw>
<kw name="Press Keys" library="SeleniumLibrary">
<doc>Simulates user pressing key(s) to an element or on the active browser.</doc>
<arguments>
<arg>none</arg>
<arg>RETURN</arg>
</arguments>
<msg timestamp="20200205 10:49:56.503" level="INFO">Sending key(s) ('RETURN',) to page.</msg>
<msg timestamp="20200205 10:49:56.503" level="INFO">Pressing special key RETURN to browser.</msg>
<status status="PASS" starttime="20200205 10:49:56.502" endtime="20200205 10:49:57.745"></status>
</kw>
<status status="PASS" starttime="20200205 10:49:56.373" endtime="20200205 10:49:57.745"></status>
</kw>
<status status="PASS" starttime="20200205 10:49:56.373" endtime="20200205 10:49:57.745"></status>
</kw>
<status status="PASS" starttime="20200205 10:49:54.399" endtime="20200205 10:49:57.745"></status>
</kw>
<kw name="Close Browser" library="SeleniumLibrary" type="teardown">
<doc>Closes the current browser.</doc>
<status status="PASS" starttime="20200205 10:49:57.745" endtime="20200205 10:49:59.820"></status>
</kw>
<timeout value="30 seconds"></timeout>
<status status="PASS" starttime="20200205 10:49:50.930" endtime="20200205 10:49:59.820" critical="yes"></status>
</test>
<status status="PASS" starttime="20200205 10:49:42.239" endtime="20200205 10:49:59.820"></status>
</suite>
<statistics>
<total>
<stat pass="2" fail="0">Critical Tests</stat>
<stat pass="2" fail="0">All Tests</stat>
</total>
<tag>
</tag>
<suite>
<stat pass="2" fail="0" id="s1" name="Try">Try</stat>
</suite>
</statistics>
<errors>
</errors>
</robot>
