<?xml version="1.0" encoding="UTF-8"?>
<robot generator="Robot 3.1.2 (Python 3.7.4 on win32)" generated="20200212 15:19:58.409" rpa="false">
<suite id="s1" name="Try" source="C:\Users\User\PROGRAMMING\Robot\SampleTestSuites\try.robot">
<test id="s1-t1" name="Testing">
<kw name="InRange">
<kw name="${x} IN RANGE [ 5 ]" type="for">
<kw name="${x} = 0" type="foritem">
<kw name="Log To Console" library="BuiltIn">
<doc>Logs the given message to the console.</doc>
<arguments>
<arg>${x}</arg>
</arguments>
<status status="PASS" starttime="20200212 15:19:58.429" endtime="20200212 15:19:58.429"></status>
</kw>
<status status="PASS" starttime="20200212 15:19:58.429" endtime="20200212 15:19:58.429"></status>
</kw>
<kw name="${x} = 1" type="foritem">
<kw name="Log To Console" library="BuiltIn">
<doc>Logs the given message to the console.</doc>
<arguments>
<arg>${x}</arg>
</arguments>
<status status="PASS" starttime="20200212 15:19:58.429" endtime="20200212 15:19:58.430"></status>
</kw>
<status status="PASS" starttime="20200212 15:19:58.429" endtime="20200212 15:19:58.430"></status>
</kw>
<kw name="${x} = 2" type="foritem">
<kw name="Log To Console" library="BuiltIn">
<doc>Logs the given message to the console.</doc>
<arguments>
<arg>${x}</arg>
</arguments>
<status status="PASS" starttime="20200212 15:19:58.430" endtime="20200212 15:19:58.430"></status>
</kw>
<status status="PASS" starttime="20200212 15:19:58.430" endtime="20200212 15:19:58.430"></status>
</kw>
<kw name="${x} = 3" type="foritem">
<kw name="Log To Console" library="BuiltIn">
<doc>Logs the given message to the console.</doc>
<arguments>
<arg>${x}</arg>
</arguments>
<status status="PASS" starttime="20200212 15:19:58.430" endtime="20200212 15:19:58.430"></status>
</kw>
<status status="PASS" starttime="20200212 15:19:58.430" endtime="20200212 15:19:58.430"></status>
</kw>
<kw name="${x} = 4" type="foritem">
<kw name="Log To Console" library="BuiltIn">
<doc>Logs the given message to the console.</doc>
<arguments>
<arg>${x}</arg>
</arguments>
<status status="PASS" starttime="20200212 15:19:58.430" endtime="20200212 15:19:58.430"></status>
</kw>
<status status="PASS" starttime="20200212 15:19:58.430" endtime="20200212 15:19:58.431"></status>
</kw>
<status status="PASS" starttime="20200212 15:19:58.429" endtime="20200212 15:19:58.431"></status>
</kw>
<status status="PASS" starttime="20200212 15:19:58.429" endtime="20200212 15:19:58.431"></status>
</kw>
<status status="PASS" starttime="20200212 15:19:58.429" endtime="20200212 15:19:58.431" critical="yes"></status>
</test>
<status status="PASS" starttime="20200212 15:19:58.411" endtime="20200212 15:19:58.431"></status>
</suite>
<statistics>
<total>
<stat pass="1" fail="0">Critical Tests</stat>
<stat pass="1" fail="0">All Tests</stat>
</total>
<tag>
</tag>
<suite>
<stat pass="1" fail="0" id="s1" name="Try">Try</stat>
</suite>
</statistics>
<errors>
</errors>
</robot>
