<?xml version="1.0" encoding="UTF-8"?>
<robot generator="Robot 3.1.2 (Python 3.7.4 on win32)" generated="20200203 17:33:05.623" rpa="false">
<suite id="s1" name="FOR-IN-LOOP" source="C:\Users\User\PROGRAMMING\Robot\SampleTestSuites\unit_test\FOR-IN-LOOP.robot">
<test id="s1-t1" name="Testing">
<kw name="Show log">
<kw name="${var} IN RANGE [ 1 | 5 ]" type="for">
<kw name="${var} = 1" type="foritem">
<kw name="Evaluationsisisi">
<arguments>
<arg>${var}</arg>
</arguments>
<kw name="${x} IN RANGE [ 1 ]" type="for">
<kw name="${x} = 0" type="foritem">
<kw name="Log To Console" library="BuiltIn">
<doc>Logs the given message to the console.</doc>
<arguments>
<arg>${\n} The passed number is: ${varr}</arg>
</arguments>
<status status="PASS" starttime="20200203 17:33:05.644" endtime="20200203 17:33:05.644"></status>
</kw>
<status status="PASS" starttime="20200203 17:33:05.644" endtime="20200203 17:33:05.644"></status>
</kw>
<status status="PASS" starttime="20200203 17:33:05.644" endtime="20200203 17:33:05.644"></status>
</kw>
<status status="PASS" starttime="20200203 17:33:05.643" endtime="20200203 17:33:05.644"></status>
</kw>
<status status="PASS" starttime="20200203 17:33:05.643" endtime="20200203 17:33:05.644"></status>
</kw>
<kw name="${var} = 2" type="foritem">
<kw name="Evaluationsisisi">
<arguments>
<arg>${var}</arg>
</arguments>
<kw name="${x} IN RANGE [ 1 ]" type="for">
<kw name="${x} = 0" type="foritem">
<kw name="Log To Console" library="BuiltIn">
<doc>Logs the given message to the console.</doc>
<arguments>
<arg>${\n} The passed number is: ${varr}</arg>
</arguments>
<status status="PASS" starttime="20200203 17:33:05.644" endtime="20200203 17:33:05.645"></status>
</kw>
<status status="PASS" starttime="20200203 17:33:05.644" endtime="20200203 17:33:05.645"></status>
</kw>
<status status="PASS" starttime="20200203 17:33:05.644" endtime="20200203 17:33:05.645"></status>
</kw>
<status status="PASS" starttime="20200203 17:33:05.644" endtime="20200203 17:33:05.645"></status>
</kw>
<status status="PASS" starttime="20200203 17:33:05.644" endtime="20200203 17:33:05.645"></status>
</kw>
<kw name="${var} = 3" type="foritem">
<kw name="Evaluationsisisi">
<arguments>
<arg>${var}</arg>
</arguments>
<kw name="${x} IN RANGE [ 1 ]" type="for">
<kw name="${x} = 0" type="foritem">
<kw name="Log To Console" library="BuiltIn">
<doc>Logs the given message to the console.</doc>
<arguments>
<arg>${\n} The passed number is: ${varr}</arg>
</arguments>
<status status="PASS" starttime="20200203 17:33:05.645" endtime="20200203 17:33:05.645"></status>
</kw>
<status status="PASS" starttime="20200203 17:33:05.645" endtime="20200203 17:33:05.645"></status>
</kw>
<status status="PASS" starttime="20200203 17:33:05.645" endtime="20200203 17:33:05.645"></status>
</kw>
<status status="PASS" starttime="20200203 17:33:05.645" endtime="20200203 17:33:05.645"></status>
</kw>
<status status="PASS" starttime="20200203 17:33:05.645" endtime="20200203 17:33:05.645"></status>
</kw>
<kw name="${var} = 4" type="foritem">
<kw name="Evaluationsisisi">
<arguments>
<arg>${var}</arg>
</arguments>
<kw name="${x} IN RANGE [ 1 ]" type="for">
<kw name="${x} = 0" type="foritem">
<kw name="Log To Console" library="BuiltIn">
<doc>Logs the given message to the console.</doc>
<arguments>
<arg>${\n} The passed number is: ${varr}</arg>
</arguments>
<status status="PASS" starttime="20200203 17:33:05.646" endtime="20200203 17:33:05.646"></status>
</kw>
<status status="PASS" starttime="20200203 17:33:05.646" endtime="20200203 17:33:05.646"></status>
</kw>
<status status="PASS" starttime="20200203 17:33:05.646" endtime="20200203 17:33:05.646"></status>
</kw>
<status status="PASS" starttime="20200203 17:33:05.645" endtime="20200203 17:33:05.646"></status>
</kw>
<status status="PASS" starttime="20200203 17:33:05.645" endtime="20200203 17:33:05.646"></status>
</kw>
<status status="PASS" starttime="20200203 17:33:05.643" endtime="20200203 17:33:05.646"></status>
</kw>
<status status="PASS" starttime="20200203 17:33:05.643" endtime="20200203 17:33:05.646"></status>
</kw>
<status status="PASS" starttime="20200203 17:33:05.643" endtime="20200203 17:33:05.646" critical="yes"></status>
</test>
<status status="PASS" starttime="20200203 17:33:05.624" endtime="20200203 17:33:05.646"></status>
</suite>
<statistics>
<total>
<stat pass="1" fail="0">Critical Tests</stat>
<stat pass="1" fail="0">All Tests</stat>
</total>
<tag>
</tag>
<suite>
<stat pass="1" fail="0" id="s1" name="FOR-IN-LOOP">FOR-IN-LOOP</stat>
</suite>
</statistics>
<errors>
</errors>
</robot>
